<?xml version="1.0" encoding="UTF-8"?>
<testng-results skipped="0" failed="0" total="1" passed="1">
  <reporter-output>
  </reporter-output>
  <suite name="Default suite" duration-ms="28261" started-at="2021-06-24T19:19:00Z" finished-at="2021-06-24T19:19:29Z">
    <groups>
    </groups>
    <test name="Default test" duration-ms="28261" started-at="2021-06-24T19:19:00Z" finished-at="2021-06-24T19:19:29Z">
      <class name="testcases.TC_001">
        <test-method status="PASS" signature="TestCase()[pri:0, instance:testcases.TC_001@721e0f4f]" name="TestCase" duration-ms="28240" started-at="2021-06-25T00:49:00Z" finished-at="2021-06-25T00:49:29Z">
          <reporter-output>
          </reporter-output>
        </test-method> <!-- TestCase -->
      </class> <!-- testcases.TC_001 -->
    </test> <!-- Default test -->
  </suite> <!-- Default suite -->
</testng-results>
